This file contains any messages produced by compilers while
running configure, to aid debugging if configure makes a mistake.

It was created by rgraph configure 2.2.1, which was
generated by GNU Autoconf 2.69.  Invocation command line was

  $ ./configure 

## --------- ##
## Platform. ##
## --------- ##

hostname = Emanueles-MacBook-Pro.local
uname -m = x86_64
uname -r = 20.3.0
uname -s = Darwin
uname -v = Darwin Kernel Version 20.3.0: Thu Jan 21 00:07:06 PST 2021; root:xnu-7195.81.3~1/RELEASE_X86_64

/usr/bin/uname -p = i386
/bin/uname -X     = unknown

/bin/arch              = unknown
/usr/bin/arch -k       = unknown
/usr/convex/getsysinfo = unknown
/usr/bin/hostinfo      = Mach kernel version:
	 Darwin Kernel Version 20.3.0: Thu Jan 21 00:07:06 PST 2021; root:xnu-7195.81.3~1/RELEASE_X86_64
Kernel configured for up to 8 processors.
4 processors are physically available.
8 processors are logically available.
Processor type: x86_64h (Intel x86-64h Haswell)
Processors active: 0 1 2 3 4 5 6 7
Primary memory available: 8.00 gigabytes
Default processor set: 506 tasks, 2104 threads, 8 processors
Load average: 1.81, Mach factor: 6.18
/bin/machine           = unknown
/usr/bin/oslevel       = unknown
/bin/universe          = unknown

PATH: /Users/ema/miniconda3/bin
PATH: /Users/ema/miniconda3/condabin
PATH: /Users/ema/.pyenv/shims
PATH: /Users/ema/.pyenv/shims
PATH: /usr/local/bin
PATH: /usr/bin
PATH: /bin
PATH: /usr/sbin
PATH: /sbin
PATH: /Library/TeX/texbin
PATH: /usr/local/share/dotnet
PATH: ~/.dotnet/tools
PATH: /Library/Apple/usr/bin
PATH: /Library/Frameworks/Mono.framework/Versions/Current/Commands


## ----------- ##
## Core tests. ##
## ----------- ##

configure:2490: checking for a BSD-compatible install
configure:2558: result: /usr/bin/install -c
configure:2569: checking whether build environment is sane
configure:2624: result: yes
configure:2775: checking for a thread-safe mkdir -p
configure:2814: result: ./install-sh -c -d
configure:2822: checking for gawk
configure:2852: result: no
configure:2822: checking for mawk
configure:2852: result: no
configure:2822: checking for nawk
configure:2852: result: no
configure:2822: checking for awk
configure:2838: found /usr/bin/awk
configure:2849: result: awk
configure:2860: checking whether make sets $(MAKE)
configure:2882: result: yes
configure:2911: checking whether make supports nested variables
configure:2928: result: yes
configure:3082: checking build system type
configure:3096: result: x86_64-apple-darwin20.3.0
configure:3116: checking host system type
configure:3129: result: x86_64-apple-darwin20.3.0
configure:3170: checking how to print strings
configure:3197: result: printf
configure:3230: checking for style of include used by make
configure:3258: result: GNU
configure:3329: checking for gcc
configure:3345: found /usr/bin/gcc
configure:3356: result: gcc
configure:3585: checking for C compiler version
configure:3594: gcc --version >&5
Apple clang version 12.0.0 (clang-1200.0.32.27)
Target: x86_64-apple-darwin20.3.0
Thread model: posix
InstalledDir: /Applications/Xcode.app/Contents/Developer/Toolchains/XcodeDefault.xctoolchain/usr/bin
Configured with: --prefix=/Applications/Xcode.app/Contents/Developer/usr --with-gxx-include-dir=/Applications/Xcode.app/Contents/Developer/Platforms/MacOSX.platform/Developer/SDKs/MacOSX.sdk/usr/include/c++/4.2.1
configure:3605: $? = 0
configure:3594: gcc -v >&5
Configured with: --prefix=/Applications/Xcode.app/Contents/Developer/usr --with-gxx-include-dir=/Applications/Xcode.app/Contents/Developer/Platforms/MacOSX.platform/Developer/SDKs/MacOSX.sdk/usr/include/c++/4.2.1
Apple clang version 12.0.0 (clang-1200.0.32.27)
Target: x86_64-apple-darwin20.3.0
Thread model: posix
InstalledDir: /Applications/Xcode.app/Contents/Developer/Toolchains/XcodeDefault.xctoolchain/usr/bin
configure:3605: $? = 0
configure:3594: gcc -V >&5
clang: error: argument to '-V' is missing (expected 1 value)
clang: error: no input files
configure:3605: $? = 1
configure:3594: gcc -qversion >&5
clang: error: unknown argument '-qversion'; did you mean '--version'?
clang: error: no input files
configure:3605: $? = 1
configure:3625: checking whether the C compiler works
configure:3647: gcc    conftest.c  >&5
configure:3651: $? = 0
configure:3699: result: yes
configure:3702: checking for C compiler default output file name
configure:3704: result: a.out
configure:3710: checking for suffix of executables
configure:3717: gcc -o conftest    conftest.c  >&5
configure:3721: $? = 0
configure:3743: result: 
configure:3765: checking whether we are cross compiling
configure:3773: gcc -o conftest    conftest.c  >&5
configure:3777: $? = 0
configure:3784: ./conftest
configure:3788: $? = 0
configure:3803: result: no
configure:3808: checking for suffix of object files
configure:3830: gcc -c   conftest.c >&5
configure:3834: $? = 0
configure:3855: result: o
configure:3859: checking whether we are using the GNU C compiler
configure:3878: gcc -c   conftest.c >&5
configure:3878: $? = 0
configure:3887: result: yes
configure:3896: checking whether gcc accepts -g
configure:3916: gcc -c -g  conftest.c >&5
configure:3916: $? = 0
configure:3957: result: yes
configure:3974: checking for gcc option to accept ISO C89
configure:4037: gcc  -c -g -O2  conftest.c >&5
configure:4037: $? = 0
configure:4050: result: none needed
configure:4075: checking whether gcc understands -c and -o together
configure:4097: gcc -c conftest.c -o conftest2.o
configure:4100: $? = 0
configure:4097: gcc -c conftest.c -o conftest2.o
configure:4100: $? = 0
configure:4112: result: yes
configure:4131: checking dependency style of gcc
configure:4242: result: gcc3
configure:4257: checking for a sed that does not truncate output
configure:4321: result: /usr/bin/sed
configure:4339: checking for grep that handles long lines and -e
configure:4397: result: /usr/bin/grep
configure:4402: checking for egrep
configure:4464: result: /usr/bin/grep -E
configure:4469: checking for fgrep
configure:4531: result: /usr/bin/grep -F
configure:4566: checking for ld used by gcc
configure:4633: result: /Applications/Xcode.app/Contents/Developer/Toolchains/XcodeDefault.xctoolchain/usr/bin/ld
configure:4640: checking if the linker (/Applications/Xcode.app/Contents/Developer/Toolchains/XcodeDefault.xctoolchain/usr/bin/ld) is GNU ld
configure:4655: result: no
configure:4667: checking for BSD- or MS-compatible name lister (nm)
configure:4716: result: /usr/bin/nm -B
configure:4846: checking the name lister (/usr/bin/nm -B) interface
configure:4853: gcc -c -g -O2  conftest.c >&5
configure:4856: /usr/bin/nm -B "conftest.o"
configure:4859: output
0000000000000260 S _some_variable
configure:4866: result: BSD nm
configure:4869: checking whether ln -s works
configure:4873: result: yes
configure:4881: checking the maximum length of command line arguments
configure:5012: result: 786432
configure:5029: checking whether the shell understands some XSI constructs
configure:5039: result: yes
configure:5043: checking whether the shell understands "+="
configure:5049: result: yes
configure:5084: checking how to convert x86_64-apple-darwin20.3.0 file names to x86_64-apple-darwin20.3.0 format
configure:5124: result: func_convert_file_noop
configure:5131: checking how to convert x86_64-apple-darwin20.3.0 file names to toolchain format
configure:5151: result: func_convert_file_noop
configure:5158: checking for /Applications/Xcode.app/Contents/Developer/Toolchains/XcodeDefault.xctoolchain/usr/bin/ld option to reload object files
configure:5165: result: -r
configure:5239: checking for objdump
configure:5255: found /usr/bin/objdump
configure:5266: result: objdump
configure:5298: checking how to recognize dependent libraries
configure:5496: result: pass_all
configure:5581: checking for dlltool
configure:5611: result: no
configure:5641: checking how to associate runtime and link libraries
configure:5668: result: printf %s\n
configure:5729: checking for ar
configure:5745: found /usr/bin/ar
configure:5756: result: ar
configure:5793: checking for archiver @FILE support
configure:5810: gcc -c -g -O2  conftest.c >&5
configure:5810: $? = 0
configure:5813: ar cru libconftest.a @conftest.lst >&5
ar: @conftest.lst: No such file or directory
configure:5816: $? = 1
configure:5836: result: no
configure:5894: checking for strip
configure:5910: found /usr/bin/strip
configure:5921: result: strip
configure:5993: checking for ranlib
configure:6009: found /usr/bin/ranlib
configure:6020: result: ranlib
configure:6122: checking command to parse /usr/bin/nm -B output from gcc object
configure:6242: gcc -c -g -O2  conftest.c >&5
configure:6245: $? = 0
configure:6249: /usr/bin/nm -B conftest.o \| sed -n -e 's/^.*[ ]\([BCDEGRST][BCDEGRST]*\)[ ][ ]*\([_A-Za-z][_A-Za-z0-9]*\)$/\1 \2 \2/p' | sed '/ __gnu_lto/d' \> conftest.nm
configure:6252: $? = 0
cannot find nm_test_var in conftest.nm
configure:6242: gcc -c -g -O2  conftest.c >&5
configure:6245: $? = 0
configure:6249: /usr/bin/nm -B conftest.o \| sed -n -e 's/^.*[ ]\([BCDEGRST][BCDEGRST]*\)[ ][ ]*_\([_A-Za-z][_A-Za-z0-9]*\)$/\1 _\2 \2/p' | sed '/ __gnu_lto/d' \> conftest.nm
configure:6252: $? = 0
configure:6318: gcc -o conftest -g -O2   conftest.c conftstm.o >&5
warning: (x86_64)  could not find object file symbol for symbol _main
configure:6321: $? = 0
configure:6359: result: ok
configure:6396: checking for sysroot
configure:6426: result: no
configure:6695: checking for mt
configure:6725: result: no
configure:6745: checking if : is a manifest tool
configure:6751: : '-?'
configure:6759: result: no
configure:6815: checking for dsymutil
configure:6831: found /usr/bin/dsymutil
configure:6842: result: dsymutil
configure:6907: checking for nmedit
configure:6923: found /usr/bin/nmedit
configure:6934: result: nmedit
configure:6999: checking for lipo
configure:7015: found /usr/bin/lipo
configure:7026: result: lipo
configure:7091: checking for otool
configure:7107: found /usr/bin/otool
configure:7118: result: otool
configure:7183: checking for otool64
configure:7213: result: no
configure:7258: checking for -single_module linker flag
gcc -g -O2  -o libconftest.dylib -dynamiclib -Wl,-single_module conftest.c
configure:7291: result: yes
configure:7294: checking for -exported_symbols_list linker flag
configure:7314: gcc -o conftest -g -O2   -Wl,-exported_symbols_list,conftest.sym conftest.c  >&5
configure:7314: $? = 0
configure:7324: result: yes
configure:7327: checking for -force_load linker flag
gcc -g -O2 -c -o conftest.o conftest.c
ar cru libconftest.a conftest.o
ranlib libconftest.a
gcc -g -O2  -o conftest conftest.c -Wl,-force_load,./libconftest.a
configure:7359: result: yes
configure:7401: checking how to run the C preprocessor
configure:7432: gcc -E  conftest.c
configure:7432: $? = 0
configure:7446: gcc -E  conftest.c
conftest.c:11:10: fatal error: 'ac_nonexistent.h' file not found
#include <ac_nonexistent.h>
         ^~~~~~~~~~~~~~~~~~
1 error generated.
configure:7446: $? = 1
configure: failed program was:
| /* confdefs.h */
| #define PACKAGE_NAME "rgraph"
| #define PACKAGE_TARNAME "rgraph"
| #define PACKAGE_VERSION "2.2.1"
| #define PACKAGE_STRING "rgraph 2.2.1"
| #define PACKAGE_BUGREPORT "roger.guimera@gmail.com"
| #define PACKAGE_URL ""
| #define PACKAGE "rgraph"
| #define VERSION "2.2.1"
| /* end confdefs.h.  */
| #include <ac_nonexistent.h>
configure:7471: result: gcc -E
configure:7491: gcc -E  conftest.c
configure:7491: $? = 0
configure:7505: gcc -E  conftest.c
conftest.c:11:10: fatal error: 'ac_nonexistent.h' file not found
#include <ac_nonexistent.h>
         ^~~~~~~~~~~~~~~~~~
1 error generated.
configure:7505: $? = 1
configure: failed program was:
| /* confdefs.h */
| #define PACKAGE_NAME "rgraph"
| #define PACKAGE_TARNAME "rgraph"
| #define PACKAGE_VERSION "2.2.1"
| #define PACKAGE_STRING "rgraph 2.2.1"
| #define PACKAGE_BUGREPORT "roger.guimera@gmail.com"
| #define PACKAGE_URL ""
| #define PACKAGE "rgraph"
| #define VERSION "2.2.1"
| /* end confdefs.h.  */
| #include <ac_nonexistent.h>
configure:7534: checking for ANSI C header files
configure:7554: gcc -c -g -O2  conftest.c >&5
configure:7554: $? = 0
configure:7627: gcc -o conftest -g -O2   conftest.c  >&5
configure:7627: $? = 0
configure:7627: ./conftest
configure:7627: $? = 0
configure:7638: result: yes
configure:7651: checking for sys/types.h
configure:7651: gcc -c -g -O2  conftest.c >&5
configure:7651: $? = 0
configure:7651: result: yes
configure:7651: checking for sys/stat.h
configure:7651: gcc -c -g -O2  conftest.c >&5
configure:7651: $? = 0
configure:7651: result: yes
configure:7651: checking for stdlib.h
configure:7651: gcc -c -g -O2  conftest.c >&5
configure:7651: $? = 0
configure:7651: result: yes
configure:7651: checking for string.h
configure:7651: gcc -c -g -O2  conftest.c >&5
configure:7651: $? = 0
configure:7651: result: yes
configure:7651: checking for memory.h
configure:7651: gcc -c -g -O2  conftest.c >&5
configure:7651: $? = 0
configure:7651: result: yes
configure:7651: checking for strings.h
configure:7651: gcc -c -g -O2  conftest.c >&5
configure:7651: $? = 0
configure:7651: result: yes
configure:7651: checking for inttypes.h
configure:7651: gcc -c -g -O2  conftest.c >&5
configure:7651: $? = 0
configure:7651: result: yes
configure:7651: checking for stdint.h
configure:7651: gcc -c -g -O2  conftest.c >&5
configure:7651: $? = 0
configure:7651: result: yes
configure:7651: checking for unistd.h
configure:7651: gcc -c -g -O2  conftest.c >&5
configure:7651: $? = 0
configure:7651: result: yes
configure:7665: checking for dlfcn.h
configure:7665: gcc -c -g -O2  conftest.c >&5
configure:7665: $? = 0
configure:7665: result: yes
configure:7871: checking for objdir
configure:7886: result: .libs
configure:8157: checking if gcc supports -fno-rtti -fno-exceptions
configure:8175: gcc -c -g -O2  -fno-rtti -fno-exceptions conftest.c >&5
configure:8179: $? = 0
configure:8192: result: yes
configure:8519: checking for gcc option to produce PIC
configure:8526: result: -fno-common -DPIC
configure:8534: checking if gcc PIC flag -fno-common -DPIC works
configure:8552: gcc -c -g -O2  -fno-common -DPIC -DPIC conftest.c >&5
configure:8556: $? = 0
configure:8569: result: yes
configure:8598: checking if gcc static flag -static works
configure:8626: result: no
configure:8641: checking if gcc supports -c -o file.o
configure:8662: gcc -c -g -O2  -o out/conftest2.o conftest.c >&5
configure:8666: $? = 0
configure:8688: result: yes
configure:8696: checking if gcc supports -c -o file.o
configure:8743: result: yes
configure:8776: checking whether the gcc linker (/Applications/Xcode.app/Contents/Developer/Toolchains/XcodeDefault.xctoolchain/usr/bin/ld) supports shared libraries
configure:9933: result: yes
configure:10173: checking dynamic linker characteristics
configure:10907: result: darwin20.3.0 dyld
configure:11014: checking how to hardcode library paths into programs
configure:11039: result: immediate
configure:11579: checking whether stripping libraries is possible
configure:11593: result: yes
configure:11619: checking if libtool supports shared libraries
configure:11621: result: yes
configure:11624: checking whether to build shared libraries
configure:11645: result: yes
configure:11648: checking whether to build static libraries
configure:11652: result: yes
configure:11777: checking for ld used by GCC
configure:11840: result: /Applications/Xcode.app/Contents/Developer/Toolchains/XcodeDefault.xctoolchain/usr/bin/ld
configure:11847: checking if the linker (/Applications/Xcode.app/Contents/Developer/Toolchains/XcodeDefault.xctoolchain/usr/bin/ld) is GNU ld
configure:11859: result: no
configure:11864: checking for /Applications/Xcode.app/Contents/Developer/Toolchains/XcodeDefault.xctoolchain/usr/bin/ld option to reload object files
configure:11871: result: -r
configure:11876: checking for BSD-compatible nm
configure:11912: result: /usr/bin/nm -B
configure:11915: checking for a sed that does not truncate output
configure:11997: result: /usr/bin/sed
configure:12000: checking how to recognise dependent libraries
configure:12181: result: pass_all
configure:12193: checking command to parse /usr/bin/nm -B output
configure:12386: result: ok
configure:12392: checking for dlfcn.h
configure:12392: result: yes
configure:12589: checking for ranlib
configure:12616: result: ranlib
configure:12681: checking for strip
configure:12708: result: strip
configure:12911: checking for objdir
configure:12922: result: .libs
configure:12943: checking for gcc option to produce PIC
configure:13089: result: -fno-common
configure:13093: checking if gcc PIC flag -fno-common works
configure:13111: gcc -c -g -O2 -fno-common -DPIC  conftest.c >&5
configure:13111: $? = 0
configure:13145: result: yes
configure:13165: checking if gcc static flag -static works
configure:13184: gcc -o conftest -g -O2   -static conftest.c  >&5
ld: library not found for -lcrt0.o
clang: error: linker command failed with exit code 1 (use -v to see invocation)
configure:13184: $? = 1
configure: failed program was:
| /* confdefs.h */
| #define PACKAGE_NAME "rgraph"
| #define PACKAGE_TARNAME "rgraph"
| #define PACKAGE_VERSION "2.2.1"
| #define PACKAGE_STRING "rgraph 2.2.1"
| #define PACKAGE_BUGREPORT "roger.guimera@gmail.com"
| #define PACKAGE_URL ""
| #define PACKAGE "rgraph"
| #define VERSION "2.2.1"
| #define STDC_HEADERS 1
| #define HAVE_SYS_TYPES_H 1
| #define HAVE_SYS_STAT_H 1
| #define HAVE_STDLIB_H 1
| #define HAVE_STRING_H 1
| #define HAVE_MEMORY_H 1
| #define HAVE_STRINGS_H 1
| #define HAVE_INTTYPES_H 1
| #define HAVE_STDINT_H 1
| #define HAVE_UNISTD_H 1
| #define HAVE_DLFCN_H 1
| #define LT_OBJDIR ".libs/"
| #define HAVE_DLFCN_H 1
| /* end confdefs.h.  */
| 
| int
| main ()
| {
| 
|   ;
|   return 0;
| }
configure:13196: result: no
configure:13212: checking if gcc supports -c -o file.o
configure:13232: gcc -c -g -O2 -o out/conftest2.o  conftest.c >&5
configure:13256: result: yes
configure:13261: checking if gcc supports -c -o file.lo
configure:13283: gcc -c -g -O2 -c -o conftest.lo  conftest.c >&5
configure:13283: $? = 0
configure:13300: result: yes
configure:13339: checking if gcc supports -fno-rtti -fno-exceptions
configure:13356: gcc -c -g -O2 -fno-rtti -fno-exceptions -c conftest.c  conftest.c >&5
configure:13356: $? = 0
configure:13368: result: yes
configure:13383: checking whether the linker (/Applications/Xcode.app/Contents/Developer/Toolchains/XcodeDefault.xctoolchain/usr/bin/ld) supports shared libraries
configure:14078: result: yes
configure:14087: checking how to hardcode library paths into programs
configure:14111: result: unsupported
configure:14120: checking whether stripping libraries is possible
configure:14128: result: no
configure:14140: checking dynamic linker characteristics
configure:14571: result: darwin20.3.0 dyld
configure:14580: checking if libtool supports shared libraries
configure:14582: result: yes
configure:14589: checking whether to build shared libraries
configure:14610: result: yes
configure:14617: checking whether to build static libraries
configure:14621: result: yes
configure:15085: checking whether -lc should be explicitly linked in
configure:15093: gcc -c -g -O2  conftest.c >&5
configure:15096: $? = 0
configure:15110: gcc -r -keep_private_externs -nostdlib -o conftest-master.o conftest.o && gcc -dynamiclib  -o conftest conftest-master.o -v -install_name /conftest 2\>\&1 \| grep  -lc  \>/dev/null 2\>\&1
configure:15113: $? = 1
configure:15126: result: yes
configure:15761: checking for gcc
configure:15788: result: gcc
configure:16017: checking for C compiler version
configure:16026: gcc --version >&5
Apple clang version 12.0.0 (clang-1200.0.32.27)
Target: x86_64-apple-darwin20.3.0
Thread model: posix
InstalledDir: /Applications/Xcode.app/Contents/Developer/Toolchains/XcodeDefault.xctoolchain/usr/bin
Configured with: --prefix=/Applications/Xcode.app/Contents/Developer/usr --with-gxx-include-dir=/Applications/Xcode.app/Contents/Developer/Platforms/MacOSX.platform/Developer/SDKs/MacOSX.sdk/usr/include/c++/4.2.1
configure:16037: $? = 0
configure:16026: gcc -v >&5
Configured with: --prefix=/Applications/Xcode.app/Contents/Developer/usr --with-gxx-include-dir=/Applications/Xcode.app/Contents/Developer/Platforms/MacOSX.platform/Developer/SDKs/MacOSX.sdk/usr/include/c++/4.2.1
Apple clang version 12.0.0 (clang-1200.0.32.27)
Target: x86_64-apple-darwin20.3.0
Thread model: posix
InstalledDir: /Applications/Xcode.app/Contents/Developer/Toolchains/XcodeDefault.xctoolchain/usr/bin
configure:16037: $? = 0
configure:16026: gcc -V >&5
clang: error: argument to '-V' is missing (expected 1 value)
clang: error: no input files
configure:16037: $? = 1
configure:16026: gcc -qversion >&5
clang: error: unknown argument '-qversion'; did you mean '--version'?
clang: error: no input files
configure:16037: $? = 1
configure:16041: checking whether we are using the GNU C compiler
configure:16069: result: yes
configure:16078: checking whether gcc accepts -g
configure:16139: result: yes
configure:16156: checking for gcc option to accept ISO C89
configure:16232: result: none needed
configure:16257: checking whether gcc understands -c and -o together
configure:16294: result: yes
configure:16313: checking dependency style of gcc
configure:16424: result: gcc3
configure:16482: checking for ranlib
configure:16509: result: ranlib
configure:16544: checking for gawk
configure:16571: result: awk
configure:16583: checking whether ln -s works
configure:16587: result: yes
configure:16594: checking whether make sets $(MAKE)
configure:16616: result: yes
configure:16626: checking whether make sets $(MAKE)
configure:16648: result: yes
configure:16659: checking for exp in -lm
configure:16684: gcc -o conftest -g -O2   conftest.c -lm   >&5
conftest.c:31:6: warning: incompatible redeclaration of library function 'exp' [-Wincompatible-library-redeclaration]
char exp ();
     ^
conftest.c:31:6: note: 'exp' is a builtin with type 'double (double)'
1 warning generated.
configure:16684: $? = 0
configure:16693: result: yes
configure:16704: checking for cblas_zgemm in -lgslcblas
configure:16729: gcc -o conftest -g -O2   conftest.c -lgslcblas  -lm  >&5
configure:16729: $? = 0
configure:16738: result: yes
configure:16751: checking for gsl_vector_set in -lgsl
configure:16776: gcc -o conftest -g -O2   conftest.c -lgsl  -lgslcblas -lm  >&5
configure:16776: $? = 0
configure:16785: result: yes
configure:16817: checking search.h usability
configure:16817: gcc -c -g -O2  conftest.c >&5
configure:16817: $? = 0
configure:16817: result: yes
configure:16817: checking search.h presence
configure:16817: gcc -E  conftest.c
configure:16817: $? = 0
configure:16817: result: yes
configure:16817: checking for search.h
configure:16817: result: yes
configure:16833: checking whether the preprocessor supports include_next
configure:16871: gcc -c -g -O2  -Iconftestd1b -Iconftestd2 conftest.c >&5
configure:16871: $? = 0
configure:16892: result: yes
configure:17017: checking whether tdelete is declared without a macro
configure:17035: gcc -c -g -O2  conftest.c >&5
configure:17035: $? = 0
configure:17043: result: yes
configure:17017: checking whether tfind is declared without a macro
configure:17035: gcc -c -g -O2  conftest.c >&5
configure:17035: $? = 0
configure:17043: result: yes
configure:17017: checking whether tsearch is declared without a macro
configure:17035: gcc -c -g -O2  conftest.c >&5
configure:17035: $? = 0
configure:17043: result: yes
configure:17017: checking whether twalk is declared without a macro
configure:17035: gcc -c -g -O2  conftest.c >&5
configure:17035: $? = 0
configure:17043: result: yes
configure:17105: checking for ANSI C header files
configure:17209: result: yes
configure:17217: checking for stdbool.h that conforms to C99
configure:17284: gcc -c -g -O2  conftest.c >&5
conftest.c:83:24: warning: address of 's' will always evaluate to 'true' [-Wpointer-bool-conversion]
             bool e = &s;
                  ~    ^
conftest.c:87:23: warning: address of array 'a' will always evaluate to 'true' [-Wpointer-bool-conversion]
             return (!a + !b + !c + !d + !e + !f + !g + !h + !i + !!j + !k + !!l
                     ~^
conftest.c:87:28: warning: address of array 'b' will always evaluate to 'true' [-Wpointer-bool-conversion]
             return (!a + !b + !c + !d + !e + !f + !g + !h + !i + !!j + !k + !!l
                          ~^
conftest.c:87:33: warning: address of array 'c' will always evaluate to 'true' [-Wpointer-bool-conversion]
             return (!a + !b + !c + !d + !e + !f + !g + !h + !i + !!j + !k + !!l
                               ~^
conftest.c:87:38: warning: address of array 'd' will always evaluate to 'true' [-Wpointer-bool-conversion]
             return (!a + !b + !c + !d + !e + !f + !g + !h + !i + !!j + !k + !!l
                                    ~^
conftest.c:87:48: warning: address of array 'f' will always evaluate to 'true' [-Wpointer-bool-conversion]
             return (!a + !b + !c + !d + !e + !f + !g + !h + !i + !!j + !k + !!l
                                              ~^
conftest.c:87:53: warning: address of array 'g' will always evaluate to 'true' [-Wpointer-bool-conversion]
             return (!a + !b + !c + !d + !e + !f + !g + !h + !i + !!j + !k + !!l
                                                   ~^
conftest.c:87:58: warning: address of array 'h' will always evaluate to 'true' [-Wpointer-bool-conversion]
             return (!a + !b + !c + !d + !e + !f + !g + !h + !i + !!j + !k + !!l
                                                        ~^
conftest.c:87:63: warning: address of array 'i' will always evaluate to 'true' [-Wpointer-bool-conversion]
             return (!a + !b + !c + !d + !e + !f + !g + !h + !i + !!j + !k + !!l
                                                             ~^
conftest.c:88:30: warning: address of array 'n' will always evaluate to 'true' [-Wpointer-bool-conversion]
                            ~^
conftest.c:88:35: warning: address of array 'o' will always evaluate to 'true' [-Wpointer-bool-conversion]
                                 ~^
conftest.c:88:40: warning: address of array 'p' will always evaluate to 'true' [-Wpointer-bool-conversion]
                                      ~^
12 warnings generated.
configure:17284: $? = 0
configure:17291: result: yes
configure:17293: checking for _Bool
configure:17293: gcc -c -g -O2  conftest.c >&5
configure:17293: $? = 0
configure:17293: gcc -c -g -O2  conftest.c >&5
conftest.c:70:20: error: expected expression
if (sizeof ((_Bool)))
                   ^
1 error generated.
configure:17293: $? = 1
configure: failed program was:
| /* confdefs.h */
| #define PACKAGE_NAME "rgraph"
| #define PACKAGE_TARNAME "rgraph"
| #define PACKAGE_VERSION "2.2.1"
| #define PACKAGE_STRING "rgraph 2.2.1"
| #define PACKAGE_BUGREPORT "roger.guimera@gmail.com"
| #define PACKAGE_URL ""
| #define PACKAGE "rgraph"
| #define VERSION "2.2.1"
| #define STDC_HEADERS 1
| #define HAVE_SYS_TYPES_H 1
| #define HAVE_SYS_STAT_H 1
| #define HAVE_STDLIB_H 1
| #define HAVE_STRING_H 1
| #define HAVE_MEMORY_H 1
| #define HAVE_STRINGS_H 1
| #define HAVE_INTTYPES_H 1
| #define HAVE_STDINT_H 1
| #define HAVE_UNISTD_H 1
| #define HAVE_DLFCN_H 1
| #define LT_OBJDIR ".libs/"
| #define HAVE_DLFCN_H 1
| #define HAVE_LIBM 1
| #define HAVE_LIBGSLCBLAS 1
| #define HAVE_LIBGSL 1
| #define HAVE_SEARCH_H 1
| #define HAVE_RAW_DECL_TDELETE 1
| #define HAVE_RAW_DECL_TFIND 1
| #define HAVE_RAW_DECL_TSEARCH 1
| #define HAVE_RAW_DECL_TWALK 1
| #define GNULIB_TEST_TSEARCH 1
| #define STDC_HEADERS 1
| /* end confdefs.h.  */
| #include <stdio.h>
| #ifdef HAVE_SYS_TYPES_H
| # include <sys/types.h>
| #endif
| #ifdef HAVE_SYS_STAT_H
| # include <sys/stat.h>
| #endif
| #ifdef STDC_HEADERS
| # include <stdlib.h>
| # include <stddef.h>
| #else
| # ifdef HAVE_STDLIB_H
| #  include <stdlib.h>
| # endif
| #endif
| #ifdef HAVE_STRING_H
| # if !defined STDC_HEADERS && defined HAVE_MEMORY_H
| #  include <memory.h>
| # endif
| # include <string.h>
| #endif
| #ifdef HAVE_STRINGS_H
| # include <strings.h>
| #endif
| #ifdef HAVE_INTTYPES_H
| # include <inttypes.h>
| #endif
| #ifdef HAVE_STDINT_H
| # include <stdint.h>
| #endif
| #ifdef HAVE_UNISTD_H
| # include <unistd.h>
| #endif
| int
| main ()
| {
| if (sizeof ((_Bool)))
| 	    return 0;
|   ;
|   return 0;
| }
configure:17293: result: yes
configure:17313: checking for stdlib.h
configure:17313: result: yes
configure:17313: checking for string.h
configure:17313: result: yes
configure:17326: checking gsl/gsl_vector.h usability
configure:17326: gcc -c -g -O2  conftest.c >&5
configure:17326: $? = 0
configure:17326: result: yes
configure:17326: checking gsl/gsl_vector.h presence
configure:17326: gcc -E  conftest.c
configure:17326: $? = 0
configure:17326: result: yes
configure:17326: checking for gsl/gsl_vector.h
configure:17326: result: yes
configure:17326: checking gsl/gsl_rng.h usability
configure:17326: gcc -c -g -O2  conftest.c >&5
configure:17326: $? = 0
configure:17326: result: yes
configure:17326: checking gsl/gsl_rng.h presence
configure:17326: gcc -E  conftest.c
configure:17326: $? = 0
configure:17326: result: yes
configure:17326: checking for gsl/gsl_rng.h
configure:17326: result: yes
configure:17340: checking for size_t
configure:17340: gcc -c -g -O2  conftest.c >&5
configure:17340: $? = 0
configure:17340: gcc -c -g -O2  conftest.c >&5
conftest.c:76:21: error: expected expression
if (sizeof ((size_t)))
                    ^
1 error generated.
configure:17340: $? = 1
configure: failed program was:
| /* confdefs.h */
| #define PACKAGE_NAME "rgraph"
| #define PACKAGE_TARNAME "rgraph"
| #define PACKAGE_VERSION "2.2.1"
| #define PACKAGE_STRING "rgraph 2.2.1"
| #define PACKAGE_BUGREPORT "roger.guimera@gmail.com"
| #define PACKAGE_URL ""
| #define PACKAGE "rgraph"
| #define VERSION "2.2.1"
| #define STDC_HEADERS 1
| #define HAVE_SYS_TYPES_H 1
| #define HAVE_SYS_STAT_H 1
| #define HAVE_STDLIB_H 1
| #define HAVE_STRING_H 1
| #define HAVE_MEMORY_H 1
| #define HAVE_STRINGS_H 1
| #define HAVE_INTTYPES_H 1
| #define HAVE_STDINT_H 1
| #define HAVE_UNISTD_H 1
| #define HAVE_DLFCN_H 1
| #define LT_OBJDIR ".libs/"
| #define HAVE_DLFCN_H 1
| #define HAVE_LIBM 1
| #define HAVE_LIBGSLCBLAS 1
| #define HAVE_LIBGSL 1
| #define HAVE_SEARCH_H 1
| #define HAVE_RAW_DECL_TDELETE 1
| #define HAVE_RAW_DECL_TFIND 1
| #define HAVE_RAW_DECL_TSEARCH 1
| #define HAVE_RAW_DECL_TWALK 1
| #define GNULIB_TEST_TSEARCH 1
| #define STDC_HEADERS 1
| #define HAVE__BOOL 1
| #define HAVE_STDBOOL_H 1
| #define HAVE_STDLIB_H 1
| #define HAVE_STRING_H 1
| #define HAVE_GSL_GSL_VECTOR_H 1
| #define HAVE_GSL_GSL_RNG_H 1
| /* end confdefs.h.  */
| #include <stdio.h>
| #ifdef HAVE_SYS_TYPES_H
| # include <sys/types.h>
| #endif
| #ifdef HAVE_SYS_STAT_H
| # include <sys/stat.h>
| #endif
| #ifdef STDC_HEADERS
| # include <stdlib.h>
| # include <stddef.h>
| #else
| # ifdef HAVE_STDLIB_H
| #  include <stdlib.h>
| # endif
| #endif
| #ifdef HAVE_STRING_H
| # if !defined STDC_HEADERS && defined HAVE_MEMORY_H
| #  include <memory.h>
| # endif
| # include <string.h>
| #endif
| #ifdef HAVE_STRINGS_H
| # include <strings.h>
| #endif
| #ifdef HAVE_INTTYPES_H
| # include <inttypes.h>
| #endif
| #ifdef HAVE_STDINT_H
| # include <stdint.h>
| #endif
| #ifdef HAVE_UNISTD_H
| # include <unistd.h>
| #endif
| int
| main ()
| {
| if (sizeof ((size_t)))
| 	    return 0;
|   ;
|   return 0;
| }
configure:17340: result: yes
configure:17351: checking for an ANSI C-conforming const
configure:17417: gcc -c -g -O2  conftest.c >&5
configure:17417: $? = 0
configure:17424: result: yes
configure:17436: checking for stdlib.h
configure:17436: result: yes
configure:17446: checking for GNU libc compatible malloc
configure:17470: gcc -o conftest -g -O2   conftest.c -lgsl -lgslcblas -lm  >&5
configure:17470: $? = 0
configure:17470: ./conftest
configure:17470: $? = 0
configure:17480: result: yes
configure:17504: checking for floor
configure:17504: gcc -o conftest -g -O2   conftest.c -lgsl -lgslcblas -lm  >&5
conftest.c:65:6: warning: incompatible redeclaration of library function 'floor' [-Wincompatible-library-redeclaration]
char floor ();
     ^
conftest.c:65:6: note: 'floor' is a builtin with type 'double (double)'
1 warning generated.
configure:17504: $? = 0
configure:17504: result: yes
configure:17504: checking for pow
configure:17504: gcc -o conftest -g -O2   conftest.c -lgsl -lgslcblas -lm  >&5
conftest.c:66:6: warning: incompatible redeclaration of library function 'pow' [-Wincompatible-library-redeclaration]
char pow ();
     ^
conftest.c:66:6: note: 'pow' is a builtin with type 'double (double, double)'
1 warning generated.
configure:17504: $? = 0
configure:17504: result: yes
configure:17504: checking for sqrt
configure:17504: gcc -o conftest -g -O2   conftest.c -lgsl -lgslcblas -lm  >&5
conftest.c:67:6: warning: incompatible redeclaration of library function 'sqrt' [-Wincompatible-library-redeclaration]
char sqrt ();
     ^
conftest.c:67:6: note: 'sqrt' is a builtin with type 'double (double)'
1 warning generated.
configure:17504: $? = 0
configure:17504: result: yes
configure:17626: checking that generated files are newer than configure
configure:17632: result: done
configure:17695: creating ./config.status

## ---------------------- ##
## Running config.status. ##
## ---------------------- ##

This file was extended by rgraph config.status 2.2.1, which was
generated by GNU Autoconf 2.69.  Invocation command line was

  CONFIG_FILES    = 
  CONFIG_HEADERS  = 
  CONFIG_LINKS    = 
  CONFIG_COMMANDS = 
  $ ./config.status 

on Emanueles-MacBook-Pro.local

config.status:1126: creating lib/Makefile
config.status:1126: creating src/Makefile
config.status:1126: creating test/Makefile
config.status:1126: creating netcarto/Makefile
config.status:1126: creating utils/Makefile
config.status:1126: creating reliability/Makefile
config.status:1126: creating recommender/Makefile
config.status:1126: creating conflict/Makefile
config.status:1126: creating multiblock/Makefile
config.status:1126: creating only_deg/Makefile
config.status:1126: creating Makefile
config.status:1126: creating config.h
config.status:1355: executing depfiles commands
config.status:1355: executing libtool commands

## ---------------- ##
## Cache variables. ##
## ---------------- ##

ac_cv_build=x86_64-apple-darwin20.3.0
ac_cv_c_compiler_gnu=yes
ac_cv_c_const=yes
ac_cv_env_CC_set=
ac_cv_env_CC_value=
ac_cv_env_CFLAGS_set=
ac_cv_env_CFLAGS_value=
ac_cv_env_CPPFLAGS_set=
ac_cv_env_CPPFLAGS_value=
ac_cv_env_CPP_set=
ac_cv_env_CPP_value=
ac_cv_env_LDFLAGS_set=
ac_cv_env_LDFLAGS_value=
ac_cv_env_LIBS_set=
ac_cv_env_LIBS_value=
ac_cv_env_build_alias_set=
ac_cv_env_build_alias_value=
ac_cv_env_host_alias_set=
ac_cv_env_host_alias_value=
ac_cv_env_target_alias_set=
ac_cv_env_target_alias_value=
ac_cv_func_floor=yes
ac_cv_func_malloc_0_nonnull=yes
ac_cv_func_pow=yes
ac_cv_func_sqrt=yes
ac_cv_have_decl_tdelete=yes
ac_cv_have_decl_tfind=yes
ac_cv_have_decl_tsearch=yes
ac_cv_have_decl_twalk=yes
ac_cv_header_dlfcn_h=yes
ac_cv_header_gsl_gsl_rng_h=yes
ac_cv_header_gsl_gsl_vector_h=yes
ac_cv_header_inttypes_h=yes
ac_cv_header_memory_h=yes
ac_cv_header_search_h=yes
ac_cv_header_stdbool_h=yes
ac_cv_header_stdc=yes
ac_cv_header_stdint_h=yes
ac_cv_header_stdlib_h=yes
ac_cv_header_string_h=yes
ac_cv_header_strings_h=yes
ac_cv_header_sys_stat_h=yes
ac_cv_header_sys_types_h=yes
ac_cv_header_unistd_h=yes
ac_cv_host=x86_64-apple-darwin20.3.0
ac_cv_lib_gsl_gsl_vector_set=yes
ac_cv_lib_gslcblas_cblas_zgemm=yes
ac_cv_lib_m_exp=yes
ac_cv_objext=o
ac_cv_path_EGREP='/usr/bin/grep -E'
ac_cv_path_FGREP='/usr/bin/grep -F'
ac_cv_path_GREP=/usr/bin/grep
ac_cv_path_SED=/usr/bin/sed
ac_cv_path_install='/usr/bin/install -c'
ac_cv_prog_AWK=awk
ac_cv_prog_CPP='gcc -E'
ac_cv_prog_ac_ct_AR=ar
ac_cv_prog_ac_ct_CC=gcc
ac_cv_prog_ac_ct_DSYMUTIL=dsymutil
ac_cv_prog_ac_ct_LIPO=lipo
ac_cv_prog_ac_ct_NMEDIT=nmedit
ac_cv_prog_ac_ct_OBJDUMP=objdump
ac_cv_prog_ac_ct_OTOOL=otool
ac_cv_prog_ac_ct_RANLIB=ranlib
ac_cv_prog_ac_ct_STRIP=strip
ac_cv_prog_cc_c89=
ac_cv_prog_cc_g=yes
ac_cv_prog_make_make_set=yes
ac_cv_type__Bool=yes
ac_cv_type_size_t=yes
am_cv_CC_dependencies_compiler_type=gcc3
am_cv_make_support_nested_variables=yes
am_cv_prog_cc_c_o=yes
gl_cv_have_include_next=yes
gl_cv_have_raw_decl_tdelete=yes
gl_cv_have_raw_decl_tfind=yes
gl_cv_have_raw_decl_tsearch=yes
gl_cv_have_raw_decl_twalk=yes
gl_cv_next_search_h='<search.h>'
lt_cv_apple_cc_single_mod=yes
lt_cv_ar_at_file=no
lt_cv_archive_cmds_need_lc=yes
lt_cv_compiler_c_o=yes
lt_cv_compiler_o_lo=yes
lt_cv_deplibs_check_method=pass_all
lt_cv_file_magic_cmd='$MAGIC_CMD'
lt_cv_file_magic_test_file=
lt_cv_ld_exported_symbols_list=yes
lt_cv_ld_force_load=yes
lt_cv_ld_reload_flag=-r
lt_cv_nm_interface='BSD nm'
lt_cv_objdir=.libs
lt_cv_path_LD=/Applications/Xcode.app/Contents/Developer/Toolchains/XcodeDefault.xctoolchain/usr/bin/ld
lt_cv_path_NM='/usr/bin/nm -B'
lt_cv_path_SED=/usr/bin/sed
lt_cv_path_mainfest_tool=no
lt_cv_prog_cc_can_build_shared=yes
lt_cv_prog_cc_no_builtin=
lt_cv_prog_cc_pic=' -fno-common'
lt_cv_prog_cc_pic_works=yes
lt_cv_prog_cc_shlib=
lt_cv_prog_cc_static=
lt_cv_prog_cc_static_works=no
lt_cv_prog_cc_wl=-Wl,
lt_cv_prog_compiler_c_o=yes
lt_cv_prog_compiler_pic='-fno-common -DPIC'
lt_cv_prog_compiler_pic_works=yes
lt_cv_prog_compiler_rtti_exceptions=yes
lt_cv_prog_compiler_static_works=no
lt_cv_prog_gnu_ld=no
lt_cv_sharedlib_from_linklib_cmd='printf %s\n'
lt_cv_sys_global_symbol_pipe='sed -n -e '\''s/^.*[	 ]\([BCDEGRST][BCDEGRST]*\)[	 ][	 ]*_\([_A-Za-z][_A-Za-z0-9]*\)$/\1 _\2 \2/p'\'' | sed '\''/ __gnu_lto/d'\'''
lt_cv_sys_global_symbol_to_c_name_address='sed -n -e '\''s/^: \([^ ]*\)[ ]*$/  {\"\1\", (void *) 0},/p'\'' -e '\''s/^[BCDEGRST]* \([^ ]*\) \([^ ]*\)$/  {"\2", (void *) \&\2},/p'\'''
lt_cv_sys_global_symbol_to_c_name_address_lib_prefix='sed -n -e '\''s/^: \([^ ]*\)[ ]*$/  {\"\1\", (void *) 0},/p'\'' -e '\''s/^[BCDEGRST]* \([^ ]*\) \(lib[^ ]*\)$/  {"\2", (void *) \&\2},/p'\'' -e '\''s/^[BCDEGRST]* \([^ ]*\) \([^ ]*\)$/  {"lib\2", (void *) \&\2},/p'\'''
lt_cv_sys_global_symbol_to_cdecl='sed -n -e '\''s/^T .* \(.*\)$/extern int \1();/p'\'' -e '\''s/^[BCDEGRST]* .* \(.*\)$/extern char \1;/p'\'''
lt_cv_sys_max_cmd_len=786432
lt_cv_to_host_file_cmd=func_convert_file_noop
lt_cv_to_tool_file_cmd=func_convert_file_noop

## ----------------- ##
## Output variables. ##
## ----------------- ##

ACLOCAL='${SHELL} /Users/ema/github/data_aggregation/c_files/rgraph-2.2.1/missing aclocal-1.14'
AMDEPBACKSLASH='\'
AMDEP_FALSE='#'
AMDEP_TRUE=''
AMTAR='$${TAR-tar}'
AM_BACKSLASH='\'
AM_DEFAULT_V='$(AM_DEFAULT_VERBOSITY)'
AM_DEFAULT_VERBOSITY='1'
AM_V='$(V)'
AR='ar'
AUTOCONF='${SHELL} /Users/ema/github/data_aggregation/c_files/rgraph-2.2.1/missing autoconf'
AUTOHEADER='${SHELL} /Users/ema/github/data_aggregation/c_files/rgraph-2.2.1/missing autoheader'
AUTOMAKE='${SHELL} /Users/ema/github/data_aggregation/c_files/rgraph-2.2.1/missing automake-1.14'
AWK='awk'
CC='gcc'
CCDEPMODE='depmode=gcc3'
CFLAGS='-g -O2'
CPP='gcc -E'
CPPFLAGS=''
CYGPATH_W='echo'
DEFS='-DHAVE_CONFIG_H'
DEPDIR='.deps'
DLLTOOL='false'
DSYMUTIL='dsymutil'
DUMPBIN=''
ECHO='printf %s\n'
ECHO_C='\c'
ECHO_N=''
ECHO_T=''
EGREP='/usr/bin/grep -E'
EXEEXT=''
FGREP='/usr/bin/grep -F'
GL_COND_LIBTOOL_FALSE='#'
GL_COND_LIBTOOL_TRUE=''
GNULIB_TSEARCH='1'
GREP='/usr/bin/grep'
HAVE_SEARCH_H='1'
HAVE_TSEARCH='1'
INCLUDE_NEXT='include_next'
INCLUDE_NEXT_AS_FIRST_DIRECTIVE='include_next'
INSTALL_DATA='${INSTALL} -m 644'
INSTALL_PROGRAM='${INSTALL}'
INSTALL_SCRIPT='${INSTALL}'
INSTALL_STRIP_PROGRAM='$(install_sh) -c -s'
LD='/Applications/Xcode.app/Contents/Developer/Toolchains/XcodeDefault.xctoolchain/usr/bin/ld'
LDFLAGS=''
LIBOBJS=''
LIBS='-lgsl -lgslcblas -lm '
LIBTOOL='$(SHELL) $(top_builddir)/libtool'
LIPO='lipo'
LN_S='ln -s'
LTLIBOBJS=''
MAKEINFO='${SHELL} /Users/ema/github/data_aggregation/c_files/rgraph-2.2.1/missing makeinfo'
MANIFEST_TOOL=':'
MKDIR_P='./install-sh -c -d'
NEXT_AS_FIRST_DIRECTIVE_SEARCH_H='<search.h>'
NEXT_SEARCH_H='<search.h>'
NM='/usr/bin/nm -B'
NMEDIT='nmedit'
OBJDUMP='objdump'
OBJEXT='o'
OTOOL64=':'
OTOOL='otool'
PACKAGE='rgraph'
PACKAGE_BUGREPORT='roger.guimera@gmail.com'
PACKAGE_NAME='rgraph'
PACKAGE_STRING='rgraph 2.2.1'
PACKAGE_TARNAME='rgraph'
PACKAGE_URL=''
PACKAGE_VERSION='2.2.1'
PATH_SEPARATOR=':'
PRAGMA_SYSTEM_HEADER='#pragma GCC system_header'
RANLIB='ranlib'
REPLACE_TSEARCH='0'
SED='/usr/bin/sed'
SET_MAKE=''
SHELL='/bin/sh'
STRIP='strip'
VERSION='2.2.1'
ac_ct_AR='ar'
ac_ct_CC='gcc'
ac_ct_DUMPBIN=''
am__EXEEXT_FALSE=''
am__EXEEXT_TRUE='#'
am__fastdepCC_FALSE='#'
am__fastdepCC_TRUE=''
am__include='include'
am__isrc=''
am__leading_dot='.'
am__nodep='_no'
am__quote=''
am__tar='$${TAR-tar} chof - "$$tardir"'
am__untar='$${TAR-tar} xf -'
bindir='${exec_prefix}/bin'
build='x86_64-apple-darwin20.3.0'
build_alias=''
build_cpu='x86_64'
build_os='darwin20.3.0'
build_vendor='apple'
datadir='${datarootdir}'
datarootdir='${prefix}/share'
docdir='${datarootdir}/doc/${PACKAGE_TARNAME}'
dvidir='${docdir}'
exec_prefix='${prefix}'
gl_LIBOBJS=''
gl_LTLIBOBJS=''
gltests_LIBOBJS=''
gltests_LTLIBOBJS=''
gltests_WITNESS='IN_RGRAPH_GNULIB_TESTS'
host='x86_64-apple-darwin20.3.0'
host_alias=''
host_cpu='x86_64'
host_os='darwin20.3.0'
host_vendor='apple'
htmldir='${docdir}'
includedir='${prefix}/include'
infodir='${datarootdir}/info'
install_sh='${SHELL} /Users/ema/github/data_aggregation/c_files/rgraph-2.2.1/install-sh'
libdir='${exec_prefix}/lib'
libexecdir='${exec_prefix}/libexec'
localedir='${datarootdir}/locale'
localstatedir='${prefix}/var'
mandir='${datarootdir}/man'
mkdir_p='$(MKDIR_P)'
oldincludedir='/usr/include'
pdfdir='${docdir}'
prefix='/usr/local'
program_transform_name='s,x,x,'
psdir='${docdir}'
sbindir='${exec_prefix}/sbin'
sharedstatedir='${prefix}/com'
sysconfdir='${prefix}/etc'
target_alias=''

## ----------- ##
## confdefs.h. ##
## ----------- ##

/* confdefs.h */
#define PACKAGE_NAME "rgraph"
#define PACKAGE_TARNAME "rgraph"
#define PACKAGE_VERSION "2.2.1"
#define PACKAGE_STRING "rgraph 2.2.1"
#define PACKAGE_BUGREPORT "roger.guimera@gmail.com"
#define PACKAGE_URL ""
#define PACKAGE "rgraph"
#define VERSION "2.2.1"
#define STDC_HEADERS 1
#define HAVE_SYS_TYPES_H 1
#define HAVE_SYS_STAT_H 1
#define HAVE_STDLIB_H 1
#define HAVE_STRING_H 1
#define HAVE_MEMORY_H 1
#define HAVE_STRINGS_H 1
#define HAVE_INTTYPES_H 1
#define HAVE_STDINT_H 1
#define HAVE_UNISTD_H 1
#define HAVE_DLFCN_H 1
#define LT_OBJDIR ".libs/"
#define HAVE_DLFCN_H 1
#define HAVE_LIBM 1
#define HAVE_LIBGSLCBLAS 1
#define HAVE_LIBGSL 1
#define HAVE_SEARCH_H 1
#define HAVE_RAW_DECL_TDELETE 1
#define HAVE_RAW_DECL_TFIND 1
#define HAVE_RAW_DECL_TSEARCH 1
#define HAVE_RAW_DECL_TWALK 1
#define GNULIB_TEST_TSEARCH 1
#define STDC_HEADERS 1
#define HAVE__BOOL 1
#define HAVE_STDBOOL_H 1
#define HAVE_STDLIB_H 1
#define HAVE_STRING_H 1
#define HAVE_GSL_GSL_VECTOR_H 1
#define HAVE_GSL_GSL_RNG_H 1
#define HAVE_STDLIB_H 1
#define HAVE_MALLOC 1
#define HAVE_FLOOR 1
#define HAVE_POW 1
#define HAVE_SQRT 1

configure: exit 0
